{
  "/Users/gustavorodrigues/Workspace/pessoal/boilerplates/hezagonal-ts/test/unit/setup.spec.ts": {
    "path": "/Users/gustavorodrigues/Workspace/pessoal/boilerplates/hezagonal-ts/test/unit/setup.spec.ts",
    "statementMap": {
      "0": {
        "start": {
          "line": 1,
          "column": 0
        },
        "end": {
          "line": 1,
          "column": 26
        }
      },
      "1": {
        "start": {
          "line": 2,
          "column": 0
        },
        "end": {
          "line": 2,
          "column": 15
        }
      },
      "2": {
        "start": {
          "line": 3,
          "column": 0
        },
        "end": {
          "line": 3,
          "column": 33
        }
      },
      "3": {
        "start": {
          "line": 5,
          "column": 0
        },
        "end": {
          "line": 5,
          "column": 39
        }
      }
    },
    "fnMap": {},
    "branchMap": {},
    "s": {
      "0": 1,
      "1": 1,
      "2": 1,
      "3": 1
    },
    "f": {},
    "b": {}
  },
  "/Users/gustavorodrigues/Workspace/pessoal/boilerplates/hezagonal-ts/test/unit/lib/config/env/index.spec.ts": {
    "path": "/Users/gustavorodrigues/Workspace/pessoal/boilerplates/hezagonal-ts/test/unit/lib/config/env/index.spec.ts",
    "statementMap": {
      "0": {
        "start": {
          "line": 1,
          "column": 0
        },
        "end": {
          "line": 1,
          "column": 33
        }
      },
      "1": {
        "start": {
          "line": 2,
          "column": 0
        },
        "end": {
          "line": 2,
          "column": 29
        }
      },
      "2": {
        "start": {
          "line": 3,
          "column": 0
        },
        "end": {
          "line": 3,
          "column": 51
        }
      },
      "3": {
        "start": {
          "line": 5,
          "column": 0
        },
        "end": {
          "line": 5,
          "column": 75
        }
      },
      "4": {
        "start": {
          "line": 6,
          "column": 0
        },
        "end": {
          "line": 6,
          "column": 25
        }
      },
      "5": {
        "start": {
          "line": 8,
          "column": 15
        },
        "end": {
          "line": 8,
          "column": 26
        }
      },
      "6": {
        "start": {
          "line": 10,
          "column": 0
        },
        "end": {
          "line": 38,
          "column": null
        }
      },
      "7": {
        "start": {
          "line": 11,
          "column": 17
        },
        "end": {
          "line": 11,
          "column": 88
        }
      },
      "8": {
        "start": {
          "line": 12,
          "column": 22
        },
        "end": {
          "line": 12,
          "column": 83
        }
      },
      "9": {
        "start": {
          "line": 14,
          "column": 2
        },
        "end": {
          "line": 18,
          "column": 5
        }
      },
      "10": {
        "start": {
          "line": 16,
          "column": 21
        },
        "end": {
          "line": 16,
          "column": 32
        }
      },
      "11": {
        "start": {
          "line": 17,
          "column": 6
        },
        "end": {
          "line": 17,
          "column": 70
        }
      },
      "12": {
        "start": {
          "line": 20,
          "column": 2
        },
        "end": {
          "line": 23,
          "column": 5
        }
      },
      "13": {
        "start": {
          "line": 22,
          "column": 6
        },
        "end": {
          "line": 22,
          "column": 70
        }
      },
      "14": {
        "start": {
          "line": 25,
          "column": 2
        },
        "end": {
          "line": 28,
          "column": 5
        }
      },
      "15": {
        "start": {
          "line": 27,
          "column": 6
        },
        "end": {
          "line": 27,
          "column": 68
        }
      },
      "16": {
        "start": {
          "line": 30,
          "column": 2
        },
        "end": {
          "line": 37,
          "column": 5
        }
      },
      "17": {
        "start": {
          "line": 32,
          "column": 21
        },
        "end": {
          "line": 32,
          "column": 32
        }
      },
      "18": {
        "start": {
          "line": 33,
          "column": 23
        },
        "end": {
          "line": 33,
          "column": 34
        }
      },
      "19": {
        "start": {
          "line": 34,
          "column": 27
        },
        "end": {
          "line": 34,
          "column": 66
        }
      },
      "20": {
        "start": {
          "line": 35,
          "column": 6
        },
        "end": {
          "line": 35,
          "column": 30
        }
      },
      "21": {
        "start": {
          "line": 36,
          "column": 6
        },
        "end": {
          "line": 36,
          "column": 63
        }
      }
    },
    "fnMap": {
      "0": {
        "name": "(anonymous_0)",
        "decl": {
          "start": {
            "line": 10,
            "column": 27
          },
          "end": {
            "line": 10,
            "column": 32
          }
        },
        "loc": {
          "start": {
            "line": 10,
            "column": 38
          },
          "end": {
            "line": 38,
            "column": 1
          }
        }
      },
      "1": {
        "name": "(anonymous_1)",
        "decl": {
          "start": {
            "line": 15,
            "column": 4
          },
          "end": {
            "line": 15,
            "column": 7
          }
        },
        "loc": {
          "start": {
            "line": 15,
            "column": 9
          },
          "end": {
            "line": 18,
            "column": 3
          }
        }
      },
      "2": {
        "name": "(anonymous_2)",
        "decl": {
          "start": {
            "line": 21,
            "column": 4
          },
          "end": {
            "line": 21,
            "column": 7
          }
        },
        "loc": {
          "start": {
            "line": 21,
            "column": 9
          },
          "end": {
            "line": 23,
            "column": 3
          }
        }
      },
      "3": {
        "name": "(anonymous_3)",
        "decl": {
          "start": {
            "line": 26,
            "column": 4
          },
          "end": {
            "line": 26,
            "column": 7
          }
        },
        "loc": {
          "start": {
            "line": 26,
            "column": 9
          },
          "end": {
            "line": 28,
            "column": 3
          }
        }
      },
      "4": {
        "name": "(anonymous_4)",
        "decl": {
          "start": {
            "line": 31,
            "column": 4
          },
          "end": {
            "line": 31,
            "column": 7
          }
        },
        "loc": {
          "start": {
            "line": 31,
            "column": 9
          },
          "end": {
            "line": 37,
            "column": 3
          }
        }
      }
    },
    "branchMap": {},
    "s": {
      "0": 1,
      "1": 1,
      "2": 1,
      "3": 1,
      "4": 1,
      "5": 1,
      "6": 1,
      "7": 1,
      "8": 1,
      "9": 1,
      "10": 1,
      "11": 1,
      "12": 1,
      "13": 1,
      "14": 1,
      "15": 1,
      "16": 1,
      "17": 1,
      "18": 1,
      "19": 1,
      "20": 1,
      "21": 1
    },
    "f": {
      "0": 1,
      "1": 1,
      "2": 1,
      "3": 1,
      "4": 1
    },
    "b": {}
  },
  "/Users/gustavorodrigues/Workspace/pessoal/boilerplates/hezagonal-ts/src/lib/config/env/index.ts": {
    "path": "/Users/gustavorodrigues/Workspace/pessoal/boilerplates/hezagonal-ts/src/lib/config/env/index.ts",
    "statementMap": {
      "0": {
        "start": {
          "line": 3,
          "column": 0
        },
        "end": {
          "line": 3,
          "column": 46
        }
      },
      "1": {
        "start": {
          "line": 4,
          "column": 0
        },
        "end": {
          "line": 4,
          "column": 33
        }
      },
      "2": {
        "start": {
          "line": 5,
          "column": 0
        },
        "end": {
          "line": 5,
          "column": 53
        }
      },
      "3": {
        "start": {
          "line": 6,
          "column": 40
        },
        "end": {
          "line": 6,
          "column": 62
        }
      },
      "4": {
        "start": {
          "line": 9,
          "column": 0
        },
        "end": {
          "line": 64,
          "column": null
        }
      },
      "5": {
        "start": {
          "line": 15,
          "column": 4
        },
        "end": {
          "line": 15,
          "column": null
        }
      },
      "6": {
        "start": {
          "line": 16,
          "column": 4
        },
        "end": {
          "line": 18,
          "column": null
        }
      },
      "7": {
        "start": {
          "line": 17,
          "column": 6
        },
        "end": {
          "line": 17,
          "column": 12
        }
      },
      "8": {
        "start": {
          "line": 19,
          "column": 17
        },
        "end": {
          "line": 19,
          "column": 33
        }
      },
      "9": {
        "start": {
          "line": 20,
          "column": 4
        },
        "end": {
          "line": 29,
          "column": null
        }
      },
      "10": {
        "start": {
          "line": 20,
          "column": 21
        },
        "end": {
          "line": 20,
          "column": 22
        }
      },
      "11": {
        "start": {
          "line": 21,
          "column": 18
        },
        "end": {
          "line": 21,
          "column": 29
        }
      },
      "12": {
        "start": {
          "line": 22,
          "column": 20
        },
        "end": {
          "line": 22,
          "column": 28
        }
      },
      "13": {
        "start": {
          "line": 23,
          "column": 26
        },
        "end": {
          "line": 23,
          "column": 46
        }
      },
      "14": {
        "start": {
          "line": 24,
          "column": 36
        },
        "end": {
          "line": 24,
          "column": 65
        }
      },
      "15": {
        "start": {
          "line": 25,
          "column": 35
        },
        "end": {
          "line": 27,
          "column": 23
        }
      },
      "16": {
        "start": {
          "line": 28,
          "column": 6
        },
        "end": {
          "line": 28,
          "column": null
        }
      },
      "17": {
        "start": {
          "line": 36,
          "column": 22
        },
        "end": {
          "line": 36,
          "column": 51
        }
      },
      "18": {
        "start": {
          "line": 37,
          "column": 4
        },
        "end": {
          "line": 39,
          "column": null
        }
      },
      "19": {
        "start": {
          "line": 38,
          "column": 6
        },
        "end": {
          "line": 38,
          "column": null
        }
      },
      "20": {
        "start": {
          "line": 41,
          "column": 4
        },
        "end": {
          "line": 41,
          "column": null
        }
      },
      "21": {
        "start": {
          "line": 48,
          "column": 4
        },
        "end": {
          "line": 50,
          "column": null
        }
      },
      "22": {
        "start": {
          "line": 49,
          "column": 6
        },
        "end": {
          "line": 49,
          "column": null
        }
      },
      "23": {
        "start": {
          "line": 52,
          "column": 22
        },
        "end": {
          "line": 52,
          "column": 51
        }
      },
      "24": {
        "start": {
          "line": 53,
          "column": 4
        },
        "end": {
          "line": 55,
          "column": null
        }
      },
      "25": {
        "start": {
          "line": 54,
          "column": 6
        },
        "end": {
          "line": 54,
          "column": 19
        }
      },
      "26": {
        "start": {
          "line": 57,
          "column": 4
        },
        "end": {
          "line": 59,
          "column": null
        }
      },
      "27": {
        "start": {
          "line": 58,
          "column": 6
        },
        "end": {
          "line": 58,
          "column": 19
        }
      },
      "28": {
        "start": {
          "line": 61,
          "column": 4
        },
        "end": {
          "line": 61,
          "column": 30
        }
      },
      "29": {
        "start": {
          "line": 62,
          "column": 4
        },
        "end": {
          "line": 62,
          "column": 16
        }
      },
      "30": {
        "start": {
          "line": 9,
          "column": 13
        },
        "end": {
          "line": 64,
          "column": null
        }
      },
      "31": {
        "start": {
          "line": 9,
          "column": 13
        },
        "end": {
          "line": 9,
          "column": 29
        }
      }
    },
    "fnMap": {
      "0": {
        "name": "(anonymous_4)",
        "decl": {
          "start": {
            "line": 11,
            "column": 2
          },
          "end": {
            "line": 11,
            "column": null
          }
        },
        "loc": {
          "start": {
            "line": 14,
            "column": 26
          },
          "end": {
            "line": 30,
            "column": 3
          }
        }
      },
      "1": {
        "name": "(anonymous_5)",
        "decl": {
          "start": {
            "line": 32,
            "column": 9
          },
          "end": {
            "line": 32,
            "column": 12
          }
        },
        "loc": {
          "start": {
            "line": 34,
            "column": 15
          },
          "end": {
            "line": 42,
            "column": 3
          }
        }
      },
      "2": {
        "name": "(anonymous_6)",
        "decl": {
          "start": {
            "line": 43,
            "column": 10
          },
          "end": {
            "line": 43,
            "column": 13
          }
        },
        "loc": {
          "start": {
            "line": 46,
            "column": 45
          },
          "end": {
            "line": 63,
            "column": 3
          }
        }
      }
    },
    "branchMap": {
      "0": {
        "loc": {
          "start": {
            "line": 14,
            "column": 23
          },
          "end": {
            "line": 14,
            "column": 26
          }
        },
        "type": "default-arg",
        "locations": [
          {
            "start": {
              "line": 14,
              "column": 23
            },
            "end": {
              "line": 14,
              "column": 26
            }
          }
        ]
      },
      "1": {
        "loc": {
          "start": {
            "line": 16,
            "column": 4
          },
          "end": {
            "line": 18,
            "column": null
          }
        },
        "type": "if",
        "locations": [
          {
            "start": {
              "line": 16,
              "column": 4
            },
            "end": {
              "line": 18,
              "column": null
            }
          },
          {
            "start": {
              "line": 16,
              "column": 4
            },
            "end": {
              "line": 18,
              "column": null
            }
          }
        ]
      },
      "2": {
        "loc": {
          "start": {
            "line": 26,
            "column": 10
          },
          "end": {
            "line": 26,
            "column": 37
          }
        },
        "type": "cond-expr",
        "locations": [
          {
            "start": {
              "line": 26,
              "column": 10
            },
            "end": {
              "line": 26,
              "column": 37
            }
          },
          {
            "start": {
              "line": 27,
              "column": 10
            },
            "end": {
              "line": 27,
              "column": 23
            }
          }
        ]
      },
      "3": {
        "loc": {
          "start": {
            "line": 37,
            "column": 4
          },
          "end": {
            "line": 39,
            "column": null
          }
        },
        "type": "if",
        "locations": [
          {
            "start": {
              "line": 37,
              "column": 4
            },
            "end": {
              "line": 39,
              "column": null
            }
          },
          {
            "start": {
              "line": 37,
              "column": 4
            },
            "end": {
              "line": 39,
              "column": null
            }
          }
        ]
      },
      "4": {
        "loc": {
          "start": {
            "line": 48,
            "column": 4
          },
          "end": {
            "line": 50,
            "column": null
          }
        },
        "type": "if",
        "locations": [
          {
            "start": {
              "line": 48,
              "column": 4
            },
            "end": {
              "line": 50,
              "column": null
            }
          },
          {
            "start": {
              "line": 48,
              "column": 4
            },
            "end": {
              "line": 50,
              "column": null
            }
          }
        ]
      },
      "5": {
        "loc": {
          "start": {
            "line": 53,
            "column": 4
          },
          "end": {
            "line": 55,
            "column": null
          }
        },
        "type": "if",
        "locations": [
          {
            "start": {
              "line": 53,
              "column": 4
            },
            "end": {
              "line": 55,
              "column": null
            }
          },
          {
            "start": {
              "line": 53,
              "column": 4
            },
            "end": {
              "line": 55,
              "column": null
            }
          }
        ]
      },
      "6": {
        "loc": {
          "start": {
            "line": 57,
            "column": 4
          },
          "end": {
            "line": 59,
            "column": null
          }
        },
        "type": "if",
        "locations": [
          {
            "start": {
              "line": 57,
              "column": 4
            },
            "end": {
              "line": 59,
              "column": null
            }
          },
          {
            "start": {
              "line": 57,
              "column": 4
            },
            "end": {
              "line": 59,
              "column": null
            }
          }
        ]
      }
    },
    "s": {
      "0": 1,
      "1": 1,
      "2": 1,
      "3": 1,
      "4": 1,
      "5": 1,
      "6": 1,
      "7": 0,
      "8": 1,
      "9": 1,
      "10": 1,
      "11": 2,
      "12": 2,
      "13": 2,
      "14": 2,
      "15": 2,
      "16": 2,
      "17": 4,
      "18": 4,
      "19": 1,
      "20": 3,
      "21": 3,
      "22": 1,
      "23": 3,
      "24": 3,
      "25": 0,
      "26": 3,
      "27": 1,
      "28": 2,
      "29": 2,
      "30": 1,
      "31": 1
    },
    "f": {
      "0": 1,
      "1": 4,
      "2": 3
    },
    "b": {
      "0": [
        1
      ],
      "1": [
        0,
        1
      ],
      "2": [
        2,
        0
      ],
      "3": [
        1,
        3
      ],
      "4": [
        1,
        2
      ],
      "5": [
        0,
        3
      ],
      "6": [
        1,
        2
      ]
    }
  },
  "/Users/gustavorodrigues/Workspace/pessoal/boilerplates/hezagonal-ts/src/lib/util/lib-ioc-types.ts": {
    "path": "/Users/gustavorodrigues/Workspace/pessoal/boilerplates/hezagonal-ts/src/lib/util/lib-ioc-types.ts",
    "statementMap": {
      "0": {
        "start": {
          "line": 1,
          "column": 13
        },
        "end": {
          "line": 4,
          "column": null
        }
      }
    },
    "fnMap": {},
    "branchMap": {},
    "s": {
      "0": 1
    },
    "f": {},
    "b": {}
  }
}